 
****************************************
Report : area
Design : geofence
Version: T-2022.03
Date   : Sat Mar 16 23:19:29 2024
****************************************

Library(s) Used:

    slow (File: /usr/cad/lib/CBDK_IC_Contest_v2.1/SynopsysDC/db/slow.db)

Number of ports:                           35
Number of nets:                          5077
Number of cells:                         4337
Number of combinational cells:           4067
Number of sequential cells:               270
Number of macros/black boxes:               0
Number of buf/inv:                        578
Number of references:                     107

Combinational area:              47104.547843
Buf/Inv area:                     2899.159163
Noncombinational area:            8655.042330
Macro/Black Box area:                0.000000
Net Interconnect area:          576289.544464

Total cell area:                 55759.590173
Total area:                     632049.134637
1
