 
****************************************
Report : area
Design : LASER
Version: T-2022.03
Date   : Mon Mar 25 19:19:01 2024
****************************************

Library(s) Used:

    slow (File: /usr/cad/lib/CBDK_IC_Contest_v2.1/SynopsysDC/db/slow.db)

Number of ports:                           27
Number of nets:                          2778
Number of cells:                         2732
Number of combinational cells:           2354
Number of sequential cells:               378
Number of macros/black boxes:               0
Number of buf/inv:                        330
Number of references:                     124

Combinational area:              18542.397401
Buf/Inv area:                     1719.466185
Noncombinational area:           12287.478195
Macro/Black Box area:                0.000000
Net Interconnect area:          303474.869385

Total cell area:                 30829.875596
Total area:                     334304.744981
1
