 
****************************************
Report : area
Design : LBP
Version: T-2022.03
Date   : Wed Aug  2 15:32:02 2023
****************************************

Library(s) Used:

    slow (File: /home/nfs_cad/lib/CBDK_IC_Contest_v2.1/SynopsysDC/db/slow.db)

Number of ports:                          106
Number of nets:                           643
Number of cells:                          525
Number of combinational cells:            456
Number of sequential cells:                66
Number of macros/black boxes:               0
Number of buf/inv:                         72
Number of references:                      68

Combinational area:               4666.152537
Buf/Inv area:                      845.305204
Noncombinational area:            2031.787750
Macro/Black Box area:                0.000000
Net Interconnect area:           65380.327423

Total cell area:                  6697.940288
Total area:                      72078.267711
1
