**************************************************************
* Voltage Drop Report file

* Units:
*   Length Unit         : um
*   Length Scale        : 0.001
*   Voltage Unit        : mV
*
* Cell Name : IOTDF
* Net Name   : VDD
* Number of Resistors: 391
* Threshold V: (min, max)=(1.394940 40.167056)
* Format: [left bottom right top] on Layer is voltage
*
[199000 1690 201000 5000] on METAL8 is 1.395
[199000 690 201000 1690] on METAL8 is 1.395
[199000 690 201000 2690] on VIA78 is 5.595
[199000 690 201000 2690] on VIA67 is 7.295
[199000 690 201000 2690] on VIA56 is 8.995
[200000 690 217980 2690] on METAL5 is 15.414
[194520 690 200000 2690] on METAL5 is 12.802
[170600 690 194520 2690] on METAL5 is 21.493
[193520 690 195520 2690] on VIA45 is 13.337
[193520 690 195520 1690] on METAL4 is 13.337
[193520 1690 195520 27840] on METAL4 is 21.773
[193520 27840 195520 51620] on METAL4 is 26.331
[193520 26840 195520 28840] on VIA45 is 21.971
[194520 26840 217980 28840] on METAL5 is 21.971
[170600 26840 194520 28840] on METAL5 is 25.241
[147140 26840 170600 28840] on METAL5 is 28.431
[169600 26840 171600 28840] on VIA45 is 25.242
[169600 1690 171600 27840] on METAL4 is 25.242
[169600 27840 171600 51620] on METAL4 is 28.251
[169600 51620 171600 74990] on METAL4 is 30.738
[169600 50620 171600 52620] on VIA45 is 28.27
[170600 50620 194520 52620] on METAL5 is 28.27
[147140 50620 170600 52620] on METAL5 is 30.365
[123220 50620 147140 52620] on METAL5 is 32.345
[146140 50620 148140 52620] on VIA45 is 30.376
[146140 27840 148140 51620] on METAL4 is 30.376
[146140 51620 148140 74990] on METAL4 is 32.198
[146140 74990 148140 98360] on METAL4 is 33.829
[146140 73990 148140 75990] on VIA45 is 32.198
[147140 73990 170600 75990] on METAL5 is 32.197
[123220 73990 147140 75990] on METAL5 is 33.655
[99300 73990 123220 75990] on METAL5 is 34.953
[122220 73990 124220 75990] on VIA45 is 33.666
[122220 51620 124220 74990] on METAL4 is 33.666
[122220 74990 124220 98360] on METAL4 is 34.92
[122220 98360 124220 121730] on METAL4 is 36.051
[122220 97360 124220 99360] on VIA45 is 34.92
[123220 97360 147140 99360] on METAL5 is 34.915
[99300 97360 123220 99360] on METAL5 is 35.917
[75840 97360 99300 99360] on METAL5 is 36.751
[98300 97360 100300 99360] on VIA45 is 35.927
[98300 74990 100300 98360] on METAL4 is 35.927
[98300 98360 100300 121730] on METAL4 is 36.83
[98300 121730 100300 145510] on METAL4 is 37.643
[98300 120730 100300 122730] on VIA45 is 36.83
[99300 120730 123220 122730] on METAL5 is 36.823
[75840 120730 99300 122730] on METAL5 is 37.483
[51920 120730 75840 122730] on METAL5 is 38.016
[74840 120730 76840 122730] on VIA45 is 37.493
[74840 98360 76840 121730] on METAL4 is 37.493
[74840 121730 76840 145510] on METAL4 is 38.169
[74840 145510 76840 168880] on METAL4 is 38.733
[74840 144510 76840 146510] on VIA45 is 38.169
[75840 144510 99300 146510] on METAL5 is 38.162
[51920 144510 75840 146510] on METAL5 is 38.59
[28460 144510 51920 146510] on METAL5 is 38.882
[50920 144510 52920 146510] on VIA45 is 38.599
[50920 121730 52920 145510] on METAL4 is 38.599
[50920 145510 52920 168880] on METAL4 is 39.084
[50920 168880 52920 192250] on METAL4 is 39.469
[50920 167880 52920 169880] on VIA45 is 39.084
[51920 167880 75840 169880] on METAL5 is 39.077
[28460 167880 51920 169880] on METAL5 is 39.318
[1690 167880 28460 169880] on METAL5 is 39.46
[27460 167880 29460 169880] on VIA45 is 39.326
[27460 145510 29460 168880] on METAL4 is 39.326
[27460 168880 29460 192250] on METAL4 is 39.673
[27460 192250 29460 215620] on METAL4 is 39.915
[27460 191250 29460 193250] on VIA45 is 39.673
[28460 191250 51920 193250] on METAL5 is 39.667
[1690 191250 28460 193250] on METAL5 is 39.787
[690 191250 1690 193250] on METAL5 is 39.787
[690 191250 2690 193250] on VIA45 is 39.794
[690 168880 2690 192250] on METAL4 is 39.794
[690 192250 2690 215620] on METAL4 is 40.022
[690 215620 2690 244470] on METAL4 is 40.167
[690 214620 2690 216620] on VIA45 is 40.022
[1690 214620 28460 216620] on METAL5 is 40.015
[690 214620 1690 216620] on METAL5 is 40.015
[28460 214620 51920 216620] on METAL5 is 39.909
[27460 214620 29460 216620] on VIA45 is 39.915
[27460 215620 29460 244470] on METAL4 is 40.069
[27460 244470 29460 245470] on METAL4 is 40.069
[27460 243470 29460 245470] on VIA45 is 40.069
[28460 243470 51920 245470] on METAL5 is 40.063
[1690 243470 28460 245470] on METAL5 is 40.161
[690 243470 1690 245470] on METAL5 is 40.161
[690 243470 2690 245470] on VIA45 is 40.167
[690 244470 2690 245470] on METAL4 is 40.167
[51920 243470 75840 245470] on METAL5 is 39.898
[50920 243470 52920 245470] on VIA45 is 39.903
[50920 215620 52920 244470] on METAL4 is 39.903
[50920 244470 52920 245470] on METAL4 is 39.903
[50920 192250 52920 215620] on METAL4 is 39.735
[50920 214620 52920 216620] on VIA45 is 39.735
[51920 214620 75840 216620] on METAL5 is 39.73
[75840 214620 99300 216620] on METAL5 is 39.472
[74840 214620 76840 216620] on VIA45 is 39.475
[74840 192250 76840 215620] on METAL4 is 39.475
[74840 215620 76840 244470] on METAL4 is 39.665
[74840 244470 76840 245470] on METAL4 is 39.665
[74840 243470 76840 245470] on VIA45 is 39.665
[75840 243470 99300 245470] on METAL5 is 39.661
[99300 243470 123220 245470] on METAL5 is 39.38
[98300 243470 100300 245470] on VIA45 is 39.382
[98300 215620 100300 244470] on METAL4 is 39.382
[98300 244470 100300 245470] on METAL4 is 39.382
[98300 192250 100300 215620] on METAL4 is 39.166
[98300 214620 100300 216620] on VIA45 is 39.166
[99300 214620 123220 216620] on METAL5 is 39.163
[123220 214620 147140 216620] on METAL5 is 38.817
[122220 214620 124220 216620] on VIA45 is 38.817
[122220 192250 124220 215620] on METAL4 is 38.817
[122220 215620 124220 244470] on METAL4 is 39.064
[122220 244470 124220 245470] on METAL4 is 39.064
[122220 243470 124220 245470] on VIA45 is 39.064
[123220 243470 147140 245470] on METAL5 is 39.064
[147140 243470 170600 245470] on METAL5 is 38.744
[146140 243470 148140 245470] on VIA45 is 38.744
[146140 215620 148140 244470] on METAL4 is 38.743
[146140 244470 148140 245470] on METAL4 is 38.743
[146140 192250 148140 215620] on METAL4 is 38.464
[146140 214620 148140 216620] on VIA45 is 38.465
[147140 214620 170600 216620] on METAL5 is 38.465
[170600 214620 194520 216620] on METAL5 is 38.146
[169600 214620 171600 216620] on VIA45 is 38.146
[169600 192250 171600 215620] on METAL4 is 38.142
[169600 215620 171600 244470] on METAL4 is 38.451
[169600 244470 171600 245470] on METAL4 is 38.451
[169600 243470 171600 245470] on VIA45 is 38.454
[170600 243470 194520 245470] on METAL5 is 38.454
[194520 243470 217980 245470] on METAL5 is 38.207
[193520 243470 195520 245470] on VIA45 is 38.207
[193520 215620 195520 244470] on METAL4 is 38.202
[193520 244470 195520 245470] on METAL4 is 38.202
[193520 192250 195520 215620] on METAL4 is 37.868
[193520 214620 195520 216620] on VIA45 is 37.873
[194520 214620 217980 216620] on METAL5 is 37.873
[217980 214620 247050 216620] on METAL5 is 37.681
[216980 214620 218980 216620] on VIA45 is 37.681
[216980 192250 218980 215620] on METAL4 is 37.675
[216980 215620 218980 244470] on METAL4 is 38.027
[216980 244470 218980 245470] on METAL4 is 38.027
[216980 243470 218980 245470] on VIA45 is 38.033
[217980 243470 247050 245470] on METAL5 is 38.033
[247050 243470 248050 245470] on METAL5 is 37.919
[246050 243470 248050 245470] on VIA45 is 37.919
[246050 215620 248050 244470] on METAL4 is 37.912
[246050 244470 248050 245470] on METAL4 is 37.912
[246050 192250 248050 215620] on METAL4 is 37.549
[246050 214620 248050 216620] on VIA45 is 37.556
[247050 214620 248050 216620] on METAL5 is 37.556
[246050 168880 248050 192250] on METAL4 is 36.95
[246050 191250 248050 193250] on VIA45 is 36.958
[247050 191250 248050 193250] on METAL5 is 36.958
[217980 191250 247050 193250] on METAL5 is 37.103
[194520 191250 217980 193250] on METAL5 is 37.325
[216980 191250 218980 193250] on VIA45 is 37.103
[216980 168880 218980 192250] on METAL4 is 37.095
[216980 145510 218980 168880] on METAL4 is 36.207
[216980 167880 218980 169880] on VIA45 is 36.216
[217980 167880 247050 169880] on METAL5 is 36.216
[194520 167880 217980 169880] on METAL5 is 36.487
[170600 167880 194520 169880] on METAL5 is 36.874
[193520 167880 195520 169880] on VIA45 is 36.487
[193520 145510 195520 168880] on METAL4 is 36.479
[193520 168880 195520 192250] on METAL4 is 37.319
[193520 191250 195520 193250] on VIA45 is 37.325
[170600 191250 194520 193250] on METAL5 is 37.641
[147140 191250 170600 193250] on METAL5 is 38.012
[169600 191250 171600 193250] on VIA45 is 37.641
[169600 168880 171600 192250] on METAL4 is 37.637
[169600 145510 171600 168880] on METAL4 is 36.869
[169600 167880 171600 169880] on VIA45 is 36.874
[147140 167880 170600 169880] on METAL5 is 37.327
[123220 167880 147140 169880] on METAL5 is 37.822
[146140 167880 148140 169880] on VIA45 is 37.327
[146140 145510 148140 168880] on METAL4 is 37.325
[146140 168880 148140 192250] on METAL4 is 38.01
[146140 191250 148140 193250] on VIA45 is 38.012
[123220 191250 147140 193250] on METAL5 is 38.417
[99300 191250 123220 193250] on METAL5 is 38.816
[122220 191250 124220 193250] on VIA45 is 38.418
[122220 168880 124220 192250] on METAL4 is 38.418
[122220 145510 124220 168880] on METAL4 is 37.823
[122220 167880 124220 169880] on VIA45 is 37.823
[99300 167880 123220 169880] on METAL5 is 38.304
[75840 167880 99300 169880] on METAL5 is 38.727
[98300 167880 100300 169880] on VIA45 is 38.308
[98300 145510 100300 168880] on METAL4 is 38.308
[98300 168880 100300 192250] on METAL4 is 38.819
[98300 191250 100300 193250] on VIA45 is 38.819
[75840 191250 99300 193250] on METAL5 is 39.169
[51920 191250 75840 193250] on METAL5 is 39.463
[74840 191250 76840 193250] on VIA45 is 39.174
[74840 168880 76840 192250] on METAL4 is 39.174
[74840 167880 76840 169880] on VIA45 is 38.733
[50920 191250 52920 193250] on VIA45 is 39.469
[98300 144510 100300 146510] on VIA45 is 37.643
[99300 144510 123220 146510] on METAL5 is 37.638
[123220 144510 147140 146510] on METAL5 is 37.034
[122220 144510 124220 146510] on VIA45 is 37.036
[122220 121730 124220 145510] on METAL4 is 37.036
[122220 120730 124220 122730] on VIA45 is 36.051
[123220 120730 147140 122730] on METAL5 is 36.048
[147140 120730 170600 122730] on METAL5 is 35.231
[146140 120730 148140 122730] on VIA45 is 35.231
[146140 98360 148140 121730] on METAL4 is 35.228
[146140 121730 148140 145510] on METAL4 is 36.406
[146140 144510 148140 146510] on VIA45 is 36.409
[147140 144510 170600 146510] on METAL5 is 36.409
[170600 144510 194520 146510] on METAL5 is 35.831
[169600 144510 171600 146510] on VIA45 is 35.831
[169600 121730 171600 145510] on METAL4 is 35.824
[169600 98360 171600 121730] on METAL4 is 34.458
[169600 120730 171600 122730] on VIA45 is 34.467
[170600 120730 194520 122730] on METAL5 is 34.467
[194520 120730 217980 122730] on METAL5 is 33.818
[193520 120730 195520 122730] on VIA45 is 33.818
[193520 98360 195520 121730] on METAL4 is 33.804
[193520 121730 195520 145510] on METAL4 is 35.328
[193520 144510 195520 146510] on VIA45 is 35.338
[194520 144510 217980 146510] on METAL5 is 35.338
[217980 144510 247050 146510] on METAL5 is 34.998
[216980 144510 218980 146510] on VIA45 is 34.998
[216980 121730 218980 145510] on METAL4 is 34.986
[216980 98360 218980 121730] on METAL4 is 33.368
[216980 120730 218980 122730] on VIA45 is 33.384
[217980 120730 247050 122730] on METAL5 is 33.384
[247050 120730 248050 122730] on METAL5 is 33.122
[246050 120730 248050 122730] on VIA45 is 33.122
[246050 98360 248050 121730] on METAL4 is 33.107
[246050 121730 248050 145510] on METAL4 is 34.772
[246050 145510 248050 168880] on METAL4 is 36.033
[246050 144510 248050 146510] on VIA45 is 34.784
[247050 144510 248050 146510] on METAL5 is 34.784
[246050 167880 248050 169880] on VIA45 is 36.042
[247050 167880 248050 169880] on METAL5 is 36.042
[246050 74990 248050 98360] on METAL4 is 31.058
[246050 97360 248050 99360] on VIA45 is 31.075
[247050 97360 248050 99360] on METAL5 is 31.075
[217980 97360 247050 99360] on METAL5 is 31.374
[194520 97360 217980 99360] on METAL5 is 31.923
[216980 97360 218980 99360] on VIA45 is 31.374
[216980 74990 218980 98360] on METAL4 is 31.353
[216980 51620 218980 74990] on METAL4 is 28.828
[216980 73990 218980 75990] on VIA45 is 28.858
[217980 73990 247050 75990] on METAL5 is 28.858
[194520 73990 217980 75990] on METAL5 is 29.524
[170600 73990 194520 75990] on METAL5 is 30.754
[193520 73990 195520 75990] on VIA45 is 29.524
[193520 51620 195520 74990] on METAL4 is 29.487
[193520 74990 195520 98360] on METAL4 is 31.901
[193520 97360 195520 99360] on VIA45 is 31.923
[170600 97360 194520 99360] on METAL5 is 32.798
[147140 97360 170600 99360] on METAL5 is 33.831
[169600 97360 171600 99360] on VIA45 is 32.798
[169600 74990 171600 98360] on METAL4 is 32.786
[169600 73990 171600 75990] on VIA45 is 30.754
[146140 97360 148140 99360] on VIA45 is 33.831
[193520 50620 195520 52620] on VIA45 is 26.408
[194520 50620 217980 52620] on METAL5 is 26.408
[217980 50620 247050 52620] on METAL5 is 25.706
[216980 50620 218980 52620] on VIA45 is 25.706
[216980 27840 218980 51620] on METAL4 is 25.661
[216980 1690 218980 27840] on METAL4 is 21.566
[216980 26840 218980 28840] on VIA45 is 21.631
[217980 26840 247050 28840] on METAL5 is 22.379
[247050 26840 248050 28840] on METAL5 is 22.379
[246050 26840 248050 28840] on VIA45 is 22.42
[246050 1690 248050 27840] on METAL4 is 22.42
[246050 27840 248050 51620] on METAL4 is 25.645
[246050 51620 248050 74990] on METAL4 is 28.565
[246050 50620 248050 52620] on VIA45 is 25.648
[247050 50620 248050 52620] on METAL5 is 25.648
[246050 73990 248050 75990] on VIA45 is 28.58
[247050 73990 248050 75990] on METAL5 is 28.58
[246050 690 248050 1690] on METAL4 is 19.32
[246050 690 248050 2690] on VIA45 is 19.32
[247050 690 248050 2690] on METAL5 is 19.114
[217980 690 247050 2690] on METAL5 is 19.114
[216980 690 218980 2690] on VIA45 is 15.785
[216980 690 218980 1690] on METAL4 is 15.785
[690 145510 2690 168880] on METAL4 is 39.468
[690 167880 2690 169880] on VIA45 is 39.468
[690 167880 1690 169880] on METAL5 is 39.46
[690 121730 2690 145510] on METAL4 is 39.063
[690 144510 2690 146510] on VIA45 is 39.063
[1690 144510 28460 146510] on METAL5 is 39.053
[690 144510 1690 146510] on METAL5 is 39.053
[27460 144510 29460 146510] on VIA45 is 38.892
[27460 121730 29460 145510] on METAL4 is 38.892
[27460 98360 29460 121730] on METAL4 is 38.387
[27460 120730 29460 122730] on VIA45 is 38.387
[28460 120730 51920 122730] on METAL5 is 38.375
[1690 120730 28460 122730] on METAL5 is 38.584
[690 120730 1690 122730] on METAL5 is 38.584
[690 120730 2690 122730] on VIA45 is 38.597
[690 98360 2690 121730] on METAL4 is 38.597
[690 74990 2690 98360] on METAL4 is 38.117
[690 97360 2690 99360] on VIA45 is 38.117
[1690 97360 28460 99360] on METAL5 is 38.102
[690 97360 1690 99360] on METAL5 is 38.102
[28460 97360 51920 99360] on METAL5 is 37.849
[27460 97360 29460 99360] on VIA45 is 37.864
[27460 74990 29460 98360] on METAL4 is 37.864
[27460 51620 29460 74990] on METAL4 is 37.354
[27460 73990 29460 75990] on VIA45 is 37.354
[28460 73990 51920 75990] on METAL5 is 37.336
[1690 73990 28460 75990] on METAL5 is 37.638
[690 73990 1690 75990] on METAL5 is 37.638
[690 73990 2690 75990] on VIA45 is 37.656
[690 51620 2690 74990] on METAL4 is 37.656
[690 27840 2690 51620] on METAL4 is 37.254
[690 50620 2690 52620] on VIA45 is 37.254
[1690 50620 28460 52620] on METAL5 is 37.233
[690 50620 1690 52620] on METAL5 is 37.233
[28460 50620 51920 52620] on METAL5 is 36.884
[27460 50620 29460 52620] on VIA45 is 36.905
[27460 27840 29460 51620] on METAL4 is 36.905
[27460 1690 29460 27840] on METAL4 is 36.56
[27460 26840 29460 28840] on VIA45 is 36.56
[28460 26840 51920 28840] on METAL5 is 36.535
[1690 26840 28460 28840] on METAL5 is 36.926
[690 26840 1690 28840] on METAL5 is 36.926
[690 26840 2690 28840] on VIA45 is 36.949
[690 1690 2690 27840] on METAL4 is 36.949
[690 690 2690 1690] on METAL4 is 36.769
[690 690 2690 2690] on VIA45 is 36.769
[1690 690 28460 2690] on METAL5 is 36.743
[690 690 1690 2690] on METAL5 is 36.743
[28460 690 51920 2690] on METAL5 is 36.326
[27460 690 29460 2690] on VIA45 is 36.353
[27460 690 29460 1690] on METAL4 is 36.353
[51920 690 75840 2690] on METAL5 is 35.57
[50920 690 52920 2690] on VIA45 is 35.6
[50920 690 52920 1690] on METAL4 is 35.6
[50920 1690 52920 27840] on METAL4 is 35.861
[50920 27840 52920 51620] on METAL4 is 36.286
[50920 26840 52920 28840] on VIA45 is 35.861
[51920 26840 75840 28840] on METAL5 is 35.834
[75840 26840 99300 28840] on METAL5 is 34.722
[74840 26840 76840 28840] on VIA45 is 34.752
[74840 1690 76840 27840] on METAL4 is 34.752
[74840 27840 76840 51620] on METAL4 is 35.321
[74840 51620 76840 74990] on METAL4 is 36.017
[74840 50620 76840 52620] on VIA45 is 35.321
[75840 50620 99300 52620] on METAL5 is 35.298
[51920 50620 75840 52620] on METAL5 is 36.263
[50920 50620 52920 52620] on VIA45 is 36.286
[50920 51620 52920 74990] on METAL4 is 36.826
[50920 74990 52920 98360] on METAL4 is 37.424
[50920 73990 52920 75990] on VIA45 is 36.826
[51920 73990 75840 75990] on METAL5 is 36.807
[75840 73990 99300 75990] on METAL5 is 36
[74840 73990 76840 75990] on VIA45 is 36.017
[74840 74990 76840 98360] on METAL4 is 36.764
[74840 97360 76840 99360] on VIA45 is 36.764
[51920 97360 75840 99360] on METAL5 is 37.41
[50920 97360 52920 99360] on VIA45 is 37.424
[50920 98360 52920 121730] on METAL4 is 38.027
[50920 120730 52920 122730] on VIA45 is 38.027
[98300 73990 100300 75990] on VIA45 is 34.969
[98300 51620 100300 74990] on METAL4 is 34.969
[98300 27840 100300 51620] on METAL4 is 34.034
[98300 50620 100300 52620] on VIA45 is 34.034
[99300 50620 123220 52620] on METAL5 is 34.01
[122220 50620 124220 52620] on VIA45 is 32.366
[122220 27840 124220 51620] on METAL4 is 32.366
[122220 1690 124220 27840] on METAL4 is 31.149
[122220 26840 124220 28840] on VIA45 is 31.149
[123220 26840 147140 28840] on METAL5 is 31.109
[99300 26840 123220 28840] on METAL5 is 33.19
[98300 26840 100300 28840] on VIA45 is 33.226
[98300 1690 100300 27840] on METAL4 is 33.226
[98300 690 100300 1690] on METAL4 is 32.678
[98300 690 100300 2690] on VIA45 is 32.678
[99300 690 123220 2690] on METAL5 is 32.63
[75840 690 99300 2690] on METAL5 is 34.353
[74840 690 76840 2690] on VIA45 is 34.389
[74840 690 76840 1690] on METAL4 is 34.389
[123220 690 147140 2690] on METAL5 is 30.166
[122220 690 124220 2690] on VIA45 is 30.236
[122220 690 124220 1690] on METAL4 is 30.236
[147140 690 170600 2690] on METAL5 is 26.657
[146140 690 148140 2690] on VIA45 is 26.776
[146140 690 148140 1690] on METAL4 is 26.776
[146140 1690 148140 27840] on METAL4 is 28.47
[146140 26840 148140 28840] on VIA45 is 28.47
[169600 690 171600 2690] on VIA45 is 21.724
[169600 690 171600 1690] on METAL4 is 21.724
