 
****************************************
Report : area
Design : IOTDF
Version: T-2022.03
Date   : Mon May  6 00:45:10 2024
****************************************

Library(s) Used:

    slow (File: /usr/cad/lib/CBDK_IC_Contest_v2.1/SynopsysDC/db/slow.db)

Number of ports:                          144
Number of nets:                          4509
Number of cells:                         4195
Number of combinational cells:           3793
Number of sequential cells:               402
Number of macros/black boxes:               0
Number of buf/inv:                        509
Number of references:                      53

Combinational area:              25707.122769
Buf/Inv area:                     1778.875172
Noncombinational area:           14222.514482
Macro/Black Box area:                0.000000
Net Interconnect area:      undefined  (No wire load specified)

Total cell area:                 39929.637251
Total area:                 undefined
1
