 
****************************************
Report : timing
        -path full
        -delay max
        -max_paths 1
Design : IOTDF
Version: T-2022.03
Date   : Mon May  6 00:45:10 2024
****************************************

Operating Conditions: slow   Library: slow
Wire Load Model Mode: top

  Startpoint: temp_avg_reg[0]
              (rising edge-triggered flip-flop clocked by clk)
  Endpoint: temp_avg_reg[131]
            (rising edge-triggered flip-flop clocked by clk)
  Path Group: clk
  Path Type: max

  Point                                    Incr       Path
  -----------------------------------------------------------
  clock clk (rise edge)                    0.00       0.00
  clock network delay (ideal)              1.00       1.00
  temp_avg_reg[0]/CK (DFFSRXL)             0.00       1.00 r
  temp_avg_reg[0]/Q (DFFSRXL)              0.56       1.56 r
  U4052/Y (NAND2XL)                        0.12       1.68 f
  U4054/Y (OAI21XL)                        0.24       1.91 r
  U1440/Y (AOI21XL)                        0.13       2.04 f
  U1442/Y (OAI21XL)                        0.22       2.27 r
  U2765/Y (AOI21XL)                        0.13       2.40 f
  U1456/Y (OAI21XL)                        0.22       2.62 r
  U1472/Y (AOI21XL)                        0.15       2.77 f
  U1319/Y (OAI21X1)                        0.17       2.94 r
  U1376/Y (AOI21XL)                        0.13       3.07 f
  U1481/Y (OAI21XL)                        0.27       3.34 r
  U2177/Y (AOI21XL)                        0.18       3.52 f
  U1316/Y (OAI21X1)                        0.18       3.70 r
  U2790/Y (AOI21XL)                        0.13       3.83 f
  U1491/Y (OAI21XL)                        0.27       4.10 r
  U1381/Y (AOI21XL)                        0.16       4.27 f
  U1487/Y (OAI21XL)                        0.28       4.54 r
  U1488/Y (AOI21XL)                        0.18       4.72 f
  U1315/Y (OAI21X1)                        0.18       4.90 r
  U1382/Y (AOI21XL)                        0.13       5.04 f
  U1489/Y (OAI21XL)                        0.27       5.30 r
  U1490/Y (AOI21XL)                        0.16       5.47 f
  U1486/Y (OAI21XL)                        0.28       5.74 r
  U1359/Y (AOI21XL)                        0.18       5.92 f
  U1379/Y (OAI21X1)                        0.19       6.12 r
  U4684/Y (AOI21X1)                        0.12       6.23 f
  U1485/Y (OAI21XL)                        0.26       6.49 r
  U1380/Y (AOI21XL)                        0.18       6.67 f
  U1309/Y (OAI21X1)                        0.18       6.85 r
  U2792/Y (AOI21XL)                        0.15       7.00 f
  U1308/Y (OAI21X1)                        0.17       7.17 r
  U1482/Y (AOI21XL)                        0.15       7.32 f
  U1377/Y (OAI21X1)                        0.19       7.50 r
  U4760/Y (AOI21X1)                        0.12       7.62 f
  U1483/Y (OAI21XL)                        0.26       7.88 r
  U1378/Y (AOI21XL)                        0.21       8.09 f
  U4793/Y (OAI21X2)                        0.15       8.25 r
  U1484/Y (AOI21XL)                        0.13       8.38 f
  U1375/Y (OAI21X1)                        0.18       8.56 r
  U4804/Y (AOI21X1)                        0.13       8.69 f
  U1353/Y (OAI21X1)                        0.18       8.87 r
  U1352/Y (AOI21X1)                        0.14       9.01 f
  U4818/Y (OAI21X2)                        0.13       9.14 r
  U1480/Y (AOI21XL)                        0.13       9.27 f
  U1374/Y (OAI21X1)                        0.17       9.45 r
  U1310/Y (AOI21XL)                        0.13       9.58 f
  U2206/Y (OAI21XL)                        0.26       9.84 r
  U1492/Y (NAND2XL)                        0.14       9.98 f
  U2794/Y (NOR2XL)                         0.20      10.18 r
  U2211/Y (NAND2XL)                        0.10      10.28 f
  U5071/Y (XOR2X1)                         0.15      10.43 f
  U5072/Y (AO22X1)                         0.25      10.68 f
  temp_avg_reg[131]/D (DFFRX1)             0.00      10.68 f
  data arrival time                                  10.68

  clock clk (rise edge)                   10.00      10.00
  clock network delay (ideal)              1.00      11.00
  clock uncertainty                       -0.10      10.90
  temp_avg_reg[131]/CK (DFFRX1)            0.00      10.90 r
  library setup time                      -0.21      10.69
  data required time                                 10.69
  -----------------------------------------------------------
  data required time                                 10.69
  data arrival time                                 -10.68
  -----------------------------------------------------------
  slack (MET)                                         0.01


1
