 
****************************************
Report : area
Design : JAM
Version: T-2022.03
Date   : Wed Jan 31 21:55:53 2024
****************************************

Library(s) Used:

    slow (File: /usr/cad/lib/CBDK_IC_Contest_v2.5/SynopsysDC/db/slow.db)

Number of ports:                           94
Number of nets:                           918
Number of cells:                          817
Number of combinational cells:            749
Number of sequential cells:                64
Number of macros/black boxes:               0
Number of buf/inv:                        131
Number of references:                     100

Combinational area:               7438.006721
Buf/Inv area:                      889.437591
Noncombinational area:            2082.709766
Macro/Black Box area:                0.000000
Net Interconnect area:          116713.916443

Total cell area:                  9520.716487
Total area:                     126234.632930
1
