ncverilog(64): 15.20-s084: (c) Copyright 1995-2020 Cadence Design Systems, Inc.
TOOL:	ncverilog	15.20-s084: Started on Mar 18, 2024 at 00:33:12 CST
ncverilog
	/home/linjinyu/IC_contest/110_Job_Assignment_Machine/sim/tb.sv
	/home/linjinyu/IC_contest/110_Job_Assignment_Machine/src/JAM.v
	+incdir+/home/linjinyu/IC_contest/110_Job_Assignment_Machine/src
	+nc64bit
	+access+r
	+define+P1
	+define+FSDB_FILE="JAM.fsdb"
Recompiling... reason: file '../src/JAM.v' is newer than expected.
	expected: Wed Jan 31 21:55:15 2024
	actual:   Wed Mar  6 15:15:20 2024
file: /home/linjinyu/IC_contest/110_Job_Assignment_Machine/src/JAM.v
ncvlog: *W,SPDUSD: Include directory /home/linjinyu/IC_contest/110_Job_Assignment_Machine/src given but not used.
	Total errors/warnings found outside modules and primitives:
		errors: 0, warnings: 1
		Caching library 'worklib' ....... Done
	Elaborating the design hierarchy:
ncelab: *W,DSEMEL: This SystemVerilog design will be simulated as per IEEE 1800-2009 SystemVerilog simulation semantics. Use -disable_sem2009 option for turning off SV 2009 simulation semantics.
	Building instance overlay tables: .................... Done
	Building instance specific data structures.
	Loading native compiled code:     .................... Done
	Design hierarchy summary:
		                  Instances  Unique
		Modules:                  2       2
		Registers:               39      39
		Scalar wires:             3       -
		Vectored wires:           6       -
		Always blocks:           10      10
		Initial blocks:           7       7
		Cont. assignments:        4       6
		Pseudo assignments:       1       1
		Simulation timescale:  10ps
	Writing initial simulation snapshot: worklib.testfixture:sv
Loading snapshot worklib.testfixture:sv .................... Done
ncsim: *W,DSEM2009: This SystemVerilog design is simulated as per IEEE 1800-2009 SystemVerilog simulation semantics. Use -disable_sem2009 option for turning off SV 2009 simulation semantics.
*Verdi* Loading libsscore_ius152.so
ncsim> source /usr/cad/cadence/INCISIV/cur/tools/inca/files/ncsimrc
ncsim> run
FSDB Dumper for IUS, Release Verdi_Q-2020.03, Linux x86_64/64bit, 02/09/2020
(C) 1996 - 2020 by Synopsys, Inc.
*Verdi* FSDB WARNING: The FSDB file already exists. Overwriting the FSDB file may crash the programs that are using this file.
*Verdi* : Create FSDB file 'JAM.fsdb'
*Verdi* : Begin traversing the scopes, layer (0).
*Verdi* : End of traversing.
*Verdi* : Begin traversing the MDAs, layer (0).
*Verdi* : Enable +mda and +packedmda dumping.
*Verdi* : End of traversing the MDAs.
*******************************
** Simulation Start          **
*******************************
PATTERN:   1
-------------- Cost Table --------------
Jobs       0   1   2   3   4   5   6   7
worker0:  11  25  53  41  59  32  25  59
worker1:   4  11  25  11  59  31  53  11
worker2:  11  59  15  11  15  15  53  53
worker3:   4  59  32  34  53  41  34  59
worker4:  15  32  41  34   4  59  34  32
worker5:  41  59  59   4   4  41  34  34
worker6:  53  31  25  41  59  32  31  53
worker7:  11  31  25  11  34  34  53  32
----------------------------------------------------------------------
Get Valid at cycle:    384778
receive MinCost/MatchCount=  119/ 3 , golden MinCost/MatchCount= 119/ 3
----------------------------------------------------------------------
*************************
**  FUNCTION  CORRECT  **
*************************

Simulation complete via $finish(1) at time 3847775 NS + 0
../sim/tb.sv:186                 $finish;
ncsim> exit
TOOL:	ncverilog	15.20-s084: Exiting on Mar 18, 2024 at 00:33:15 CST  (total: 00:00:03)
