 
****************************************
Report : area
Design : DT
Version: T-2022.03
Date   : Tue Mar 26 23:32:44 2024
****************************************

Library(s) Used:

    slow (File: /usr/cad/lib/CBDK_IC_Contest_v2.1/SynopsysDC/db/slow.db)

Number of ports:                           62
Number of nets:                           812
Number of cells:                          716
Number of combinational cells:            633
Number of sequential cells:                83
Number of macros/black boxes:               0
Number of buf/inv:                         86
Number of references:                      88

Combinational area:               5353.599578
Buf/Inv area:                      412.468197
Noncombinational area:            2792.222967
Macro/Black Box area:                0.000000
Net Interconnect area:           83253.751556

Total cell area:                  8145.822545
Total area:                      91399.574101
1
