 
****************************************
Report : timing
        -path full
        -delay max
        -max_paths 1
Design : DT
Version: T-2022.03
Date   : Tue Mar 26 23:32:44 2024
****************************************

Operating Conditions: slow   Library: slow
Wire Load Model Mode: top

  Startpoint: res_di[1] (input port clocked by clk)
  Endpoint: res_do_reg[6]
            (rising edge-triggered flip-flop clocked by clk)
  Path Group: clk
  Path Type: max

  Des/Clust/Port     Wire Load Model       Library
  ------------------------------------------------
  DT                 tsmc13_wl10           slow

  Point                                    Incr       Path
  -----------------------------------------------------------
  clock clk (rise edge)                    0.00       0.00
  clock network delay (ideal)              0.50       0.50
  input external delay                     5.00       5.50 r
  res_di[1] (in)                           0.11       5.61 r
  U796/Y (NAND2X4)                         0.07       5.68 f
  U338/Y (NAND2X2)                         0.12       5.80 r
  U650/Y (NAND3X2)                         0.14       5.95 f
  U454/Y (NAND2X4)                         0.10       6.05 r
  U488/Y (NAND3X4)                         0.13       6.18 f
  U800/Y (NAND4X8)                         0.17       6.35 r
  U493/Y (NOR2X4)                          0.10       6.45 f
  U312/Y (BUFX12)                          0.16       6.61 f
  U805/Y (INVX1)                           0.16       6.77 r
  U527/Y (NOR2X2)                          0.15       6.92 f
  U389/Y (NAND2X2)                         0.13       7.05 r
  U506/Y (NAND3X2)                         0.10       7.15 f
  res_do_reg[6]/D (DFFQX4)                 0.00       7.15 f
  data arrival time                                   7.15

  clock clk (rise edge)                    7.00       7.00
  clock network delay (ideal)              0.50       7.50
  clock uncertainty                       -0.10       7.40
  res_do_reg[6]/CK (DFFQX4)                0.00       7.40 r
  library setup time                      -0.25       7.15
  data required time                                  7.15
  -----------------------------------------------------------
  data required time                                  7.15
  data arrival time                                  -7.15
  -----------------------------------------------------------
  slack (MET)                                         0.00


1
