 
****************************************
Report : area
Design : CONV
Version: T-2022.03
Date   : Mon Mar 11 18:54:29 2024
****************************************

Library(s) Used:

    slow (File: /usr/cad/lib/CBDK_IC_Contest_v2.1/SynopsysDC/db/slow.db)

Number of ports:                          105
Number of nets:                          2970
Number of cells:                         2689
Number of combinational cells:           2410
Number of sequential cells:               278
Number of macros/black boxes:               0
Number of buf/inv:                        457
Number of references:                     135

Combinational area:              25944.758968
Buf/Inv area:                     3145.282206
Noncombinational area:            9118.432514
Macro/Black Box area:                0.000000
Net Interconnect area:          333201.666443

Total cell area:                 35063.191483
Total area:                     368264.857925
1
