 
****************************************
Report : area
Design : STI_DAC
Version: T-2022.03
Date   : Tue Mar 26 23:23:42 2024
****************************************

Library(s) Used:

    slow (File: /usr/cad/lib/CBDK_IC_Contest_v2.1/SynopsysDC/db/slow.db)

Number of ports:                           49
Number of nets:                           348
Number of cells:                          303
Number of combinational cells:            245
Number of sequential cells:                58
Number of macros/black boxes:               0
Number of buf/inv:                         61
Number of references:                      53

Combinational area:               2053.853993
Buf/Inv area:                      527.891405
Noncombinational area:            1873.929539
Macro/Black Box area:                0.000000
Net Interconnect area:           40973.537933

Total cell area:                  3927.783531
Total area:                      44901.321465
1
