 
****************************************
Report : timing
        -path full
        -delay max
        -max_paths 1
Design : STI_DAC
Version: T-2022.03
Date   : Tue Mar 26 23:23:42 2024
****************************************

Operating Conditions: slow   Library: slow
Wire Load Model Mode: top

  Startpoint: pi_length[1]
              (input port clocked by clk)
  Endpoint: oem_dataout_reg[0]
            (rising edge-triggered flip-flop clocked by clk)
  Path Group: clk
  Path Type: max

  Des/Clust/Port     Wire Load Model       Library
  ------------------------------------------------
  STI_DAC            tsmc13_wl10           slow

  Point                                    Incr       Path
  -----------------------------------------------------------
  clock clk (rise edge)                    0.00       0.00
  clock network delay (ideal)              0.50       0.50
  input external delay                     5.00       5.50 r
  pi_length[1] (in)                        0.06       5.56 r
  U276/Y (INVXL)                           0.29       5.84 f
  U448/Y (OAI221XL)                        0.84       6.68 r
  U376/Y (NOR2XL)                          0.27       6.96 f
  U377/Y (AOI211XL)                        0.53       7.49 r
  U265/Y (INVXL)                           0.25       7.74 f
  U449/Y (OAI211X1)                        0.41       8.14 r
  U450/Y (INVX12)                          0.64       8.78 f
  U466/Y (AO21X1)                          0.47       9.25 f
  oem_dataout_reg[0]/D (DFFRX1)            0.00       9.25 f
  data arrival time                                   9.25

  clock clk (rise edge)                   10.00      10.00
  clock network delay (ideal)              0.50      10.50
  clock uncertainty                       -0.10      10.40
  oem_dataout_reg[0]/CK (DFFRX1)           0.00      10.40 r
  library setup time                      -0.22      10.18
  data required time                                 10.18
  -----------------------------------------------------------
  data required time                                 10.18
  data arrival time                                  -9.25
  -----------------------------------------------------------
  slack (MET)                                         0.93


1
